<resultados>
	<mundos>
		<mundo nombre="mundo_0">
			<linea fila="32" compresionDeCeros="true">(1) 132 232 332 432 532 632 732 832 932 1032 1132 1232 1332 1432 1532 1632 1732 1832 1932 2032 2132 2232 2332 2432 2532 2632 2732 2832 2932 3032 3132 3232 3332 3432 3532 </linea>
			<linea fila="31" compresionDeCeros="true">(1) 131 231 331 431 531 631 731 831 931 1031 1131 1231 1331 1431 1531 1631 1731 1831 1931 2031 2131 2231 2331 2431 2531 2631 2731 2831 2931 3031 3131 3231 3331 3431 3531 </linea>
			<linea fila="30" compresionDeCeros="true">(1) 130 230 330 430 530 630 730 830 930 1030 1130 1230 1330 1430 1530 1630 1730 1830 1930 2030 2130 2230 2330 2430 2530 2630 2730 2830 2930 3030 3130 3230 3330 3430 3530 </linea>
			<linea fila="29" compresionDeCeros="true">(1) 129 229 329 429 529 629 729 829 929 1029 1129 1229 1329 1429 1529 1629 1729 1829 1929 2029 2129 2229 2329 2429 2529 2629 2729 2829 2929 3029 3129 3229 3329 3429 3529 </linea>
			<linea fila="28" compresionDeCeros="true">(1) 128 228 328 428 528 628 728 828 928 1028 1128 1228 1328 1428 1528 1628 1728 1828 1928 2028 2128 2228 2328 2428 2528 2628 2728 2828 2928 3028 3128 3228 3328 3428 3528 </linea>
			<linea fila="27" compresionDeCeros="true">(1) 127 227 327 427 527 627 727 827 927 1027 1127 1227 1327 1427 1527 1627 1727 1827 1927 2027 2127 2227 2327 2427 2527 2627 2727 2827 2927 3027 3127 3227 3327 3427 3527 </linea>
			<linea fila="26" compresionDeCeros="true">(1) 126 226 326 426 526 626 726 826 926 1026 1126 1226 1326 1426 1526 1626 1726 1826 1926 2026 2126 2226 2326 2426 2526 2626 2726 2826 2926 3026 3126 3226 3326 3426 3526 </linea>
			<linea fila="25" compresionDeCeros="true">(1) 125 225 325 425 525 625 725 825 925 1025 1125 1225 1325 1425 1525 1625 1725 1825 1925 2025 2125 2225 2325 2425 2525 2625 2725 2825 2925 3025 3125 3225 3325 3425 3525 </linea>
			<linea fila="24" compresionDeCeros="true">(1) 124 224 324 424 524 624 724 824 924 1024 1124 1224 1324 1424 1524 1624 1724 1824 1924 2024 2124 2224 2324 2424 2524 2624 2724 2824 2924 3024 3124 3224 3324 3424 3524 </linea>
			<linea fila="23" compresionDeCeros="true">(1) 123 223 323 423 523 623 723 823 923 1023 1123 1223 1323 1423 1523 1623 1723 1823 1923 2023 2123 2223 2323 2423 2523 2623 2723 2823 2923 3023 3123 3223 3323 3423 3523 </linea>
			<linea fila="22" compresionDeCeros="true">(1) 122 222 322 422 522 622 722 822 922 1022 1122 1222 1322 1422 1522 1622 1722 1822 1922 2022 2122 2222 2322 2422 2522 2622 2722 2822 2922 3022 3122 3222 3322 3422 3522 </linea>
			<linea fila="21" compresionDeCeros="true">(1) 121 221 321 421 521 621 721 821 921 1021 1121 1221 1321 1421 1521 1621 1721 1821 1921 2021 2121 2221 2321 2421 2521 2621 2721 2821 2921 3021 3121 3221 3321 3421 3521 </linea>
			<linea fila="20" compresionDeCeros="true">(1) 120 220 320 420 520 620 720 820 920 1020 1120 1220 1320 1420 1520 1620 1720 1820 1920 2020 2120 2220 2320 2420 2520 2620 2720 2820 2920 3020 3120 3220 3320 3420 3520 </linea>
			<linea fila="19" compresionDeCeros="true">(1) 119 219 319 419 519 619 719 819 919 1019 1119 1219 1319 1419 1519 1619 1719 1819 1919 2019 2119 2219 2319 2419 2519 2619 2719 2819 2919 3019 3119 3219 3319 3419 3519 </linea>
			<linea fila="18" compresionDeCeros="true">(1) 118 218 318 418 518 618 718 818 918 1018 1118 1218 1318 1418 1518 1618 1718 1818 1918 2018 2118 2218 2318 2418 2518 2618 2718 2818 2918 3018 3118 3218 3318 3418 3518 </linea>
			<linea fila="17" compresionDeCeros="true">(1) 117 217 317 417 517 617 717 817 917 1017 1117 1217 1317 1417 1517 1617 1717 1817 1917 2017 2117 2217 2317 2417 2517 2617 2717 2817 2917 3017 3117 3217 3317 3417 3517 </linea>
			<linea fila="16" compresionDeCeros="true">(1) 116 216 316 416 516 616 716 816 916 1016 1116 1216 1316 1416 1516 1616 1716 1816 1916 2016 2116 2216 2316 2416 2516 2616 2716 2816 2916 3016 3116 3216 3316 3416 3516 </linea>
			<linea fila="15" compresionDeCeros="true">(1) 115 215 315 415 515 615 715 815 915 1015 1115 1215 1315 1415 1515 1615 1715 1815 1915 2015 2115 2215 2315 2415 2515 2615 2715 2815 2915 3015 3115 3215 3315 3415 3515 </linea>
			<linea fila="14" compresionDeCeros="true">(1) 114 214 314 414 514 614 714 814 914 1014 1114 1214 1314 1414 1514 1614 1714 1814 1914 2014 2114 2214 2314 2414 2514 2614 2714 2814 2914 3014 3114 3214 3314 3414 3514 </linea>
			<linea fila="13" compresionDeCeros="true">(1) 113 213 313 413 513 613 713 813 913 1013 1113 1213 1313 1413 1513 1613 1713 1813 1913 2013 2113 2213 2313 2413 2513 2613 2713 2813 2913 3013 3113 3213 3313 3413 3513 </linea>
			<linea fila="12" compresionDeCeros="true">(1) 112 212 312 412 512 612 712 812 912 1012 1112 1212 1312 1412 1512 1612 1712 1812 1912 2012 2112 2212 2312 2412 2512 2612 2712 2812 2912 3012 3112 3212 3312 3412 3512 </linea>
			<linea fila="11" compresionDeCeros="true">(1) 111 211 311 411 511 611 711 811 911 1011 1111 1211 1311 1411 1511 1611 1711 1811 1911 2011 2111 2211 2311 2411 2511 2611 2711 2811 2911 3011 3111 3211 3311 3411 3511 </linea>
			<linea fila="10" compresionDeCeros="true">(1) 110 210 310 410 510 610 710 810 910 1010 1110 1210 1310 1410 1510 1610 1710 1810 1910 2010 2110 2210 2310 2410 2510 2610 2710 2810 2910 3010 3110 3210 3310 3410 3510 </linea>
			<linea fila="9" compresionDeCeros="true">(1) 109 209 309 409 509 609 709 809 909 1009 1109 1209 1309 1409 1509 1609 1709 1809 1909 2009 2109 2209 2309 2409 2509 2609 2709 2809 2909 3009 3109 3209 3309 3409 3509 </linea>
			<linea fila="8" compresionDeCeros="true">(1) 108 208 308 408 508 608 708 808 908 1008 1108 1208 1308 1408 1508 1608 1708 1808 1908 2008 2108 2208 2308 2408 2508 2608 2708 2808 2908 3008 3108 3208 3308 3408 3508 </linea>
			<linea fila="7" compresionDeCeros="true">(1) 107 207 307 407 507 607 707 807 907 1007 1107 1207 1307 1407 1507 1607 1707 1807 1907 2007 2107 2207 2307 2407 2507 2607 2707 2807 2907 3007 3107 3207 3307 3407 3507 </linea>
			<linea fila="6" compresionDeCeros="true">(1) 106 206 306 406 506 606 706 806 906 1006 1106 1206 1306 1406 1506 1606 1706 1806 1906 2006 2106 2206 2306 2406 2506 2606 2706 2806 2906 3006 3106 3206 3306 3406 3506 </linea>
			<linea fila="5" compresionDeCeros="true">(1) 105 205 305 405 505 605 705 805 905 1005 1105 1205 1305 1405 1505 1605 1705 1805 1905 2005 2105 2205 2305 2405 2505 2605 2705 2805 2905 3005 3105 3205 3305 3405 3505 </linea>
			<linea fila="4" compresionDeCeros="true">(1) 104 204 304 404 504 604 704 804 904 1004 1104 1204 1304 1404 1504 1604 1704 1804 1904 2004 2104 2204 2304 2404 2504 2604 2704 2804 2904 3004 3104 3204 3304 3404 3504 </linea>
			<linea fila="3" compresionDeCeros="true">(1) 103 203 303 403 503 603 703 803 903 1003 1103 1203 1303 1403 1503 1603 1703 1803 1903 2003 2103 2203 2303 2403 2503 2603 2703 2803 2903 3003 3103 3203 3303 3403 3503 </linea>
			<linea fila="2" compresionDeCeros="true">(1) 102 202 302 402 502 602 702 802 902 1002 1102 1202 1302 1402 1502 1602 1702 1802 1902 2002 2102 2202 2302 2402 2502 2602 2702 2802 2902 3002 3102 3202 3302 3402 3502 </linea>
			<linea fila="1" compresionDeCeros="true">(1) 101 201 301 401 501 601 701 801 901 1001 1101 1201 1301 1401 1501 1601 1701 1801 1901 2001 2101 2201 2301 2401 2501 2601 2701 2801 2901 3001 3101 3201 3301 3401 3501 </linea>
		</mundo>
	</mundos>
	<programas>
		<programa nombre="p1" resultadoEjecucion="FIN PROGRAMA"/>
	</programas>
</resultados>